<?xml version="1.0" encoding="UTF-8"?>
<testng-results skipped="0" failed="0" ignored="2" total="3" passed="1">
  <reporter-output>
  </reporter-output>
  <suite name="Default suite" duration-ms="55723" started-at="2019-03-11T04:47:44Z" finished-at="2019-03-11T04:48:39Z">
    <groups>
    </groups>
    <test name="Default test" duration-ms="55723" started-at="2019-03-11T04:47:44Z" finished-at="2019-03-11T04:48:39Z">
      <class name="Test.ManageSettingsTest">
        <test-method status="PASS" signature="beforeTest()[pri:0, instance:Test.ManageSettingsTest@5a56cdac]" name="beforeTest" is-config="true" duration-ms="11684" started-at="2019-03-11T04:47:44Z" finished-at="2019-03-11T04:47:55Z">
          <reporter-output>
          </reporter-output>
        </test-method> <!-- beforeTest -->
        <test-method status="PASS" signature="VerifyPersonalDetailsSettings()[pri:0, instance:Test.ManageSettingsTest@5a56cdac]" name="VerifyPersonalDetailsSettings" duration-ms="43949" started-at="2019-03-11T04:47:55Z" finished-at="2019-03-11T04:48:39Z">
          <reporter-output>
          </reporter-output>
        </test-method> <!-- VerifyPersonalDetailsSettings -->
        <test-method status="PASS" signature="afterTest()[pri:0, instance:Test.ManageSettingsTest@5a56cdac]" name="afterTest" is-config="true" duration-ms="3" started-at="2019-03-11T04:48:39Z" finished-at="2019-03-11T04:48:39Z">
          <reporter-output>
          </reporter-output>
        </test-method> <!-- afterTest -->
      </class> <!-- Test.ManageSettingsTest -->
    </test> <!-- Default test -->
  </suite> <!-- Default suite -->
</testng-results>
