<?xml version="1.0" encoding="UTF-8"?>
<!-- Generated by org.testng.reporters.JUnitXMLReporter -->
<testsuite hostname="DELL-PC" ignored="2" name="Default test" tests="1" failures="0" timestamp="11 Mar 2019 04:48:40 GMT" time="55.723" errors="0">
  <testcase name="VerifyPersonalDetailsSettings" time="43.949" classname="Test.ManageSettingsTest"/>
  <testcase name="loginSuccessulTest" time="0.0" classname="Test.ManageSettingsTest">
    <ignored/>
  </testcase> <!-- loginSuccessulTest -->
  <testcase name="VerifyPaymentMethodSettings" time="0.0" classname="Test.ManageSettingsTest">
    <ignored/>
  </testcase> <!-- VerifyPaymentMethodSettings -->
</testsuite> <!-- Default test -->
